<?xml version="1.0" encoding="UTF-8"?>
<!-- Generated by org.testng.reporters.JUnitXMLReporter -->
<testsuite ignored="1" hostname="DESKTOP-G62QGVT" failures="0" tests="1" name="NegativePasswordTests" time="9.507" errors="0" timestamp="2024-01-07T09:05:40 CST">
  <testcase classname="com.herokuapp.theinetrnet.LoginTests" name="negativeLoginTest" time="2.696"/>
  <testcase classname="com.herokuapp.theinetrnet.LoginTests" name="positiveLoginTest" time="0.0">
    <ignored/>
  </testcase> <!-- positiveLoginTest -->
</testsuite> <!-- NegativePasswordTests -->
