<?xml version="1.0" encoding="UTF-8"?>
<!-- Generated by org.testng.reporters.JUnitXMLReporter -->
<testsuite ignored="1" hostname="DESKTOP-G62QGVT" failures="0" tests="1" name="NegativeUserNameTests" time="6.992" errors="0" timestamp="2024-01-07T09:05:31 CST">
  <testcase classname="com.herokuapp.theinetrnet.LoginTests" name="negativeLoginTest" time="2.737"/>
  <testcase classname="com.herokuapp.theinetrnet.LoginTests" name="positiveLoginTest" time="0.0">
    <ignored/>
  </testcase> <!-- positiveLoginTest -->
</testsuite> <!-- NegativeUserNameTests -->
