<?xml version="1.0" encoding="UTF-8"?>
<!-- Generated by org.testng.reporters.JUnitXMLReporter -->
<testsuite ignored="1" hostname="DESKTOP-G62QGVT" failures="0" tests="1" name="PositiveTests" time="6.188" errors="0" timestamp="2024-01-07T09:05:24 CST">
  <testcase classname="com.herokuapp.theinetrnet.LoginTests" name="positiveLoginTest" time="0.814"/>
  <testcase classname="com.herokuapp.theinetrnet.LoginTests" name="negativeLoginTest" time="0.0">
    <ignored/>
  </testcase> <!-- negativeLoginTest -->
</testsuite> <!-- PositiveTests -->
