<?xml version="1.0" encoding="UTF-8"?>
<!-- Generated by org.testng.reporters.JUnitXMLReporter -->
<testsuite ignored="1" hostname="DESKTOP-G62QGVT" failures="0" tests="1" name="PositiveTests" time="5.078" errors="0" timestamp="2024-01-13T09:40:33 CST">
  <testcase classname="com.herokuapp.theinetrnet.ExceptionsTest" name="invalidElementStateExceptionTest" time="0.397"/>
  <testcase classname="com.herokuapp.theinetrnet.ExceptionsTest" name="verifyNoSuchElementException" time="0.0">
    <ignored/>
  </testcase> <!-- verifyNoSuchElementException -->
</testsuite> <!-- PositiveTests -->
